<?xml version="1.0" encoding="UTF-8"?>
<testng-results ignored="0" total="1" passed="1" failed="0" skipped="0">
  <reporter-output>
  </reporter-output>
  <suite started-at="2024-05-17T19:18:23 IST" name="Default suite" finished-at="2024-05-17T19:18:30 IST" duration-ms="6547">
    <groups>
    </groups>
    <test started-at="2024-05-17T19:18:23 IST" name="Default test" finished-at="2024-05-17T19:18:30 IST" duration-ms="6547">
      <class name="test.TestRunners">
        <test-method is-config="true" signature="launchBrowser()[pri:0, instance:test.TestRunners@1c742ed4]" started-at="2024-05-17T19:18:17 IST" name="launchBrowser" finished-at="2024-05-17T19:18:23 IST" duration-ms="6589" status="PASS">
          <reporter-output>
          </reporter-output>
        </test-method> <!-- launchBrowser -->
        <test-method signature="TC001_RegisterUser()[pri:0, instance:test.TestRunners@1c742ed4]" started-at="2024-05-17T19:18:23 IST" name="TC001_RegisterUser" finished-at="2024-05-17T19:18:30 IST" duration-ms="6458" status="PASS">
          <reporter-output>
          </reporter-output>
        </test-method> <!-- TC001_RegisterUser -->
        <test-method is-config="true" signature="afterSuite()[pri:0, instance:test.TestRunners@1c742ed4]" started-at="2024-05-17T19:18:30 IST" name="afterSuite" finished-at="2024-05-17T19:18:30 IST" duration-ms="0" status="PASS">
          <reporter-output>
          </reporter-output>
        </test-method> <!-- afterSuite -->
      </class> <!-- test.TestRunners -->
    </test> <!-- Default test -->
  </suite> <!-- Default suite -->
</testng-results>
